<?xml version="1.0" encoding="UTF-8"?>
<!-- Generated by org.testng.reporters.JUnitReportReporter -->
<testsuite hostname="DESKTOP-BJ8EH0B" failures="0" tests="1" name="mavenforjenkins.UITest" time="17.425" errors="0" timestamp="2022-11-07T03:41:44 IST" skipped="0">
  <testcase classname="mavenforjenkins.UITest" name="startBrowser" time="17.425"/>
  <system-out/>
</testsuite> <!-- mavenforjenkins.UITest -->
